Build started 23/07/2020 22:18:58.
     1>Project "C:\Users\jorge\OneDrive\Kuliah\TR_GRAFKOM_672018173\TR_GRAFKOM_672018173\TR_GRAFKOM_672018173.vcxproj" on node 2 (build target(s)).
     1>InitializeBuildStatus:
         Creating "Debug\TR_GRAFKOM_672018173.unsuccessfulbuild" because "AlwaysCreate" was specified.
       ClCompile:
         C:\Program Files (x86)\Microsoft Visual Studio 10.0\VC\bin\CL.exe /c /ZI /nologo /W3 /WX- /Od /Oy- /D WIN32 /D _DEBUG /D _CONSOLE /D _UNICODE /D UNICODE /Gm /EHsc /RTC1 /MDd /GS /fp:precise /Zc:wchar_t /Zc:forScope /Fo"Debug\\" /Fd"Debug\vc100.pdb" /Gd /TP /analyze- /errorReport:prompt TR_GRAFKOM_672018173.cpp
         TR_GRAFKOM_672018173.cpp
     1>c:\users\jorge\onedrive\kuliah\tr_grafkom_672018173\tr_grafkom_672018173\tr_grafkom_672018173.cpp(15): warning C4244: 'initializing' : conversion from 'int' to 'float', possible loss of data
     1>c:\users\jorge\onedrive\kuliah\tr_grafkom_672018173\tr_grafkom_672018173\tr_grafkom_672018173.cpp(47): warning C4244: '=' : conversion from 'double' to 'float', possible loss of data
     1>c:\users\jorge\onedrive\kuliah\tr_grafkom_672018173\tr_grafkom_672018173\tr_grafkom_672018173.cpp(55): warning C4244: '=' : conversion from 'double' to 'float', possible loss of data
     1>c:\users\jorge\onedrive\kuliah\tr_grafkom_672018173\tr_grafkom_672018173\tr_grafkom_672018173.cpp(61): warning C4244: '=' : conversion from 'double' to 'float', possible loss of data
     1>c:\users\jorge\onedrive\kuliah\tr_grafkom_672018173\tr_grafkom_672018173\tr_grafkom_672018173.cpp(72): warning C4244: '=' : conversion from 'double' to 'float', possible loss of data
       ManifestResourceCompile:
         All outputs are up-to-date.
       Link:
         C:\Program Files (x86)\Microsoft Visual Studio 10.0\VC\bin\link.exe /ERRORREPORT:PROMPT /OUT:"C:\Users\jorge\OneDrive\Kuliah\TR_GRAFKOM_672018173\Debug\TR_GRAFKOM_672018173.exe" /INCREMENTAL /NOLOGO freeglut.lib glew32.lib kernel32.lib user32.lib gdi32.lib winspool.lib comdlg32.lib advapi32.lib shell32.lib ole32.lib oleaut32.lib uuid.lib odbc32.lib odbccp32.lib /MANIFEST /ManifestFile:"Debug\TR_GRAFKOM_672018173.exe.intermediate.manifest" /MANIFESTUAC:"level='asInvoker' uiAccess='false'" /DEBUG /PDB:"C:\Users\jorge\OneDrive\Kuliah\TR_GRAFKOM_672018173\Debug\TR_GRAFKOM_672018173.pdb" /SUBSYSTEM:CONSOLE /TLBID:1 /DYNAMICBASE /NXCOMPAT /IMPLIB:"C:\Users\jorge\OneDrive\Kuliah\TR_GRAFKOM_672018173\Debug\TR_GRAFKOM_672018173.lib" /MACHINE:X86 Debug\TR_GRAFKOM_672018173.exe.embed.manifest.res
         Debug\TR_GRAFKOM_672018173.obj
       Manifest:
         C:\Program Files (x86)\Microsoft SDKs\Windows\v7.0A\bin\mt.exe /nologo /verbose /out:"Debug\TR_GRAFKOM_672018173.exe.embed.manifest" /manifest Debug\TR_GRAFKOM_672018173.exe.intermediate.manifest
         All outputs are up-to-date.
       LinkEmbedManifest:
         All outputs are up-to-date.
         TR_GRAFKOM_672018173.vcxproj -> C:\Users\jorge\OneDrive\Kuliah\TR_GRAFKOM_672018173\Debug\TR_GRAFKOM_672018173.exe
       FinalizeBuildStatus:
         Deleting file "Debug\TR_GRAFKOM_672018173.unsuccessfulbuild".
         Touching "Debug\TR_GRAFKOM_672018173.lastbuildstate".
     1>Done Building Project "C:\Users\jorge\OneDrive\Kuliah\TR_GRAFKOM_672018173\TR_GRAFKOM_672018173\TR_GRAFKOM_672018173.vcxproj" (build target(s)).

Build succeeded.

Time Elapsed 00:00:02.78
